C:\Users\DELL\AppData\Local\Temp\Rar$DIa0.858\Details.dwg,Model,19-08-2017 14:46:07,DELL,DWG To PDF.pc3,ISO A4 (297.00 x 210.00 MM),1:32.3464,
C:\Users\DELL\AppData\Local\Temp\Rar$DIa0.858\Details.dwg,Model,19-08-2017 14:48:58,DELL,DWG To PDF.pc3,ISO A4 (297.00 x 210.00 MM),1:32.227,
D:\New folder\Details.dwg,Model,19-08-2017 15:45:29,DELL,DWG To PDF.pc3,ISO A3 (420.00 x 297.00 MM),1:23.7056,
C:\Users\DELL\Desktop\dicsion.dwg,Model,17-09-2017 14:06:17,DELL,DWG To PDF.pc3,ISO A4 (210.00 x 297.00 MM),1:1.7316,
C:\Users\DELL\Desktop\dicsion.dwg,Model,17-09-2017 15:12:40,DELL,DWG To PDF.pc3,ISO A4 (210.00 x 297.00 MM),1:1.90477,
C:\Users\DELL\Desktop\dicsion.dwg,Model,17-09-2017 15:16:35,DELL,DWG To PDF.pc3,ISO A4 (210.00 x 297.00 MM),1:1.90477,
C:\Users\DELL\Desktop\dicsion.dwg,Model,17-09-2017 15:17:26,DELL,DWG To PDF.pc3,ISO A4 (210.00 x 297.00 MM),1:1.90477,
C:\Users\DELL\Desktop\dicsion client\Dicsion Client Elevation Drg.dwg,Model,19-09-2017 00:49:08,DELL,DWG To PDF.pc3,ISO A4 (297.00 x 210.00 MM),1:0.361515,
C:\Users\DELL\Desktop\dicsion client\Dicsion Client Elevation Drg.dwg,Model,19-09-2017 00:54:11,DELL,DWG To PDF.pc3,ISO A4 (297.00 x 210.00 MM),1:0.29026,
C:\Users\DELL\Desktop\dicsion client\Dicsion Client Elevation Drg.dwg,Model,19-09-2017 01:13:47,DELL,DWG To PDF.pc3,ISO A4 (210.00 x 297.00 MM),1:1.73172,
E:\MY DATA PERSONAL\OFFC RESIDENCE PROJECT\50'X110'\Kushwahji Final File 27-5-17.dwg,Model,22-09-2017 00:29:32,DELL,DWG To PDF.pc3,ISO A4 (210.00 x 297.00 MM),1:3.42891,
E:\MY DATA PERSONAL\OFFC RESIDENCE PROJECT\50'X110'\Kushwahji Final File 27-5-17.dwg,Model,22-09-2017 00:30:18,DELL,DWG To PDF.pc3,ISO A4 (210.00 x 297.00 MM),1:3.42859,
E:\MY DATA PERSONAL\OFFC RESIDENCE PROJECT\50'X110'\Kushwahji Final File 27-5-17.dwg,Model,22-09-2017 00:30:49,DELL,DWG To PDF.pc3,ISO A4 (210.00 x 297.00 MM),1:3.42896,
E:\OFFICE WORK LAST 2 YEARS\OFFICE WORK\MY DATA PERSONAL\duplex2.dwg,Model,22-11-2017 03:11:48,DELL,DWG To PDF.pc3,ISO A4 (210.00 x 297.00 MM),1:2.71563,
C:\Users\DELL\Desktop\HARSH BHAIYA ROOM\new block.dwg,Model,21-11-2018 16:18:50,DELL,DWG To PDF.pc3,ISO A4 (210.00 x 297.00 MM),1:1.17446,
E:\MY DATA PERSONAL\MY HOME\duplex2.dwg,Model,12-12-2018 17:16:23,DELL,DWG To PDF.pc3,ISO A4 (210.00 x 297.00 MM),1:2.90222,
E:\MY DATA PERSONAL\MY HOME\duplex2.dwg,Model,12-12-2018 17:26:59,DELL,DWG To PDF.pc3,ISO A4 (210.00 x 297.00 MM),1:3.07179,
E:\MY DATA PERSONAL\MY HOME\duplex2.dwg,Model,17-12-2018 21:40:46,DELL,DWG To PDF.pc3,ISO A4 (210.00 x 297.00 MM),1:3.07177,
E:\MY DATA PERSONAL\MY HOME\duplex2.dwg,Model,17-12-2018 21:44:01,DELL,DWG To PDF.pc3,ISO A4 (210.00 x 297.00 MM),1:3.07177,
E:\MY DATA PERSONAL\MY HOME\duplex2.dwg,Model,24-12-2018 16:27:10,DELL,DWG To PDF.pc3,ISO A4 (297.00 x 210.00 MM),1:1.50819,
E:\MY DATA PERSONAL\MY HOME\duplex2.dwg,Model,24-12-2018 16:28:19,DELL,DWG To PDF.pc3,ISO A4 (297.00 x 210.00 MM),1:1.50819,
E:\MY DATA PERSONAL\MY HOME\duplex2.dwg,Model,24-12-2018 16:28:39,DELL,DWG To PDF.pc3,ISO A4 (297.00 x 210.00 MM),1:1.50819,
E:\MY DATA PERSONAL\MY HOME\tv unit\ALKAPURI APARTMENT INTERIOR.dwg,Model,31-12-2018 15:58:07,DELL,DWG To PDF.pc3,ISO A4 (297.00 x 210.00 MM),1:0.596913,
E:\MY DATA PERSONAL\MY HOME\duplex2.dwg,Model,04-01-2019 12:28:40,DELL,DWG To PDF.pc3,ISO A3 (297.00 x 420.00 MM),1:2.17677,
E:\MY DATA PERSONAL\MY HOME\duplex2.dwg,Model,04-01-2019 12:29:58,DELL,DWG To PDF.pc3,ISO A3 (297.00 x 420.00 MM),1:2.17677,
E:\MY DATA PERSONAL\MY HOME\duplex2.dwg,Model,10-01-2019 15:11:09,DELL,DWG To PDF.pc3,ISO A3 (297.00 x 420.00 MM),1:2.37564,
E:\MY DATA PERSONAL\MY HOME\duplex2.dwg,Model,25-01-2019 13:05:19,DELL,DWG To PDF.pc3,ISO A3 (297.00 x 420.00 MM),1:1.92427,
E:\MY DATA PERSONAL\MY HOME\tv unit\ALKAPURI APARTMENT INTERIOR.dwg,Model,30-01-2019 17:14:10,DELL,DWG To PDF.pc3,ISO A3 (297.00 x 420.00 MM),1:0.500119,
E:\MY DATA PERSONAL\MY HOME\duplex2.dwg,Model,05-06-2019 13:52:09,DELL,DWG To PDF.pc3,ISO A4 (297.00 x 210.00 MM),1:1.35194,
C:\Users\DELL\Desktop\33' X 65' APARTMENT\33'x65' residence jhansi.dwg,Model,16-12-2019 21:59:11,DELL,DWG To PDF.pc3,ISO A4 (297.00 x 210.00 MM),1:1.72008,
